<?xml version="1.0" encoding="UTF-8"?>
<testsuite xmlns:xsi="http://www.w3.org/2001/XMLSchema-instance" xsi:noNamespaceSchemaLocation="https://maven.apache.org/surefire/maven-surefire-plugin/xsd/surefire-test-report-3.0.xsd" version="3.0" name="com.sap.cds.archetype.handlers.CatalogServiceHandlerTest" time="0.008" tests="1" errors="1" skipped="0" failures="0">
  <properties>
    <property name="java.specification.version" value="23"/>
    <property name="sun.jnu.encoding" value="UTF-8"/>
    <property name="java.class.path" value="/Users/munikotitanya/my-cds-app/srv/target/test-classes:/Users/munikotitanya/my-cds-app/srv/target/classes:/Users/munikotitanya/.m2/repository/com/sap/cds/cds-starter-spring-boot/3.7.1/cds-starter-spring-boot-3.7.1.jar:/Users/munikotitanya/.m2/repository/com/sap/cds/cds-services-api/3.7.1/cds-services-api-3.7.1.jar:/Users/munikotitanya/.m2/repository/com/sap/cds/cds4j-api/3.7.0/cds4j-api-3.7.0.jar:/Users/munikotitanya/.m2/repository/com/sap/cloud/environment/servicebinding/api/java-core-api/0.20.0/java-core-api-0.20.0.jar:/Users/munikotitanya/.m2/repository/com/sap/cds/cds-services-impl/3.7.1/cds-services-impl-3.7.1.jar:/Users/munikotitanya/.m2/repository/com/sap/cds/cds-services-messaging/3.7.1/cds-services-messaging-3.7.1.jar:/Users/munikotitanya/.m2/repository/jakarta/jms/jakarta.jms-api/3.1.0/jakarta.jms-api-3.1.0.jar:/Users/munikotitanya/.m2/repository/com/sap/cloud/environment/servicebinding/api/java-access-api/0.20.0/java-access-api-0.20.0.jar:/Users/munikotitanya/.m2/repository/org/apache/commons/commons-csv/1.13.0/commons-csv-1.13.0.jar:/Users/munikotitanya/.m2/repository/com/sap/cds/cds-feature-jdbc/3.7.1/cds-feature-jdbc-3.7.1.jar:/Users/munikotitanya/.m2/repository/com/sap/cds/cds4j-runtime/3.7.0/cds4j-runtime-3.7.0.jar:/Users/munikotitanya/.m2/repository/com/sap/cds/cds4j-jdbc-spi/3.7.0/cds4j-jdbc-spi-3.7.0.jar:/Users/munikotitanya/.m2/repository/com/sap/cds/cds4j-tx/3.7.0/cds4j-tx-3.7.0.jar:/Users/munikotitanya/.m2/repository/com/sap/cds/cds-framework-spring-boot/3.7.1/cds-framework-spring-boot-3.7.1.jar:/Users/munikotitanya/.m2/repository/org/springframework/boot/spring-boot-starter-web/3.4.2/spring-boot-starter-web-3.4.2.jar:/Users/munikotitanya/.m2/repository/org/springframework/boot/spring-boot-starter-json/3.4.2/spring-boot-starter-json-3.4.2.jar:/Users/munikotitanya/.m2/repository/com/fasterxml/jackson/datatype/jackson-datatype-jdk8/2.18.2/jackson-datatype-jdk8-2.18.2.jar:/Users/munikotitanya/.m2/repository/com/fasterxml/jackson/module/jackson-module-parameter-names/2.18.2/jackson-module-parameter-names-2.18.2.jar:/Users/munikotitanya/.m2/repository/org/springframework/boot/spring-boot-starter-tomcat/3.4.2/spring-boot-starter-tomcat-3.4.2.jar:/Users/munikotitanya/.m2/repository/org/apache/tomcat/embed/tomcat-embed-core/10.1.34/tomcat-embed-core-10.1.34.jar:/Users/munikotitanya/.m2/repository/org/apache/tomcat/embed/tomcat-embed-el/10.1.34/tomcat-embed-el-10.1.34.jar:/Users/munikotitanya/.m2/repository/org/apache/tomcat/embed/tomcat-embed-websocket/10.1.34/tomcat-embed-websocket-10.1.34.jar:/Users/munikotitanya/.m2/repository/org/springframework/spring-web/6.2.2/spring-web-6.2.2.jar:/Users/munikotitanya/.m2/repository/org/springframework/spring-beans/6.2.2/spring-beans-6.2.2.jar:/Users/munikotitanya/.m2/repository/org/springframework/spring-webmvc/6.2.2/spring-webmvc-6.2.2.jar:/Users/munikotitanya/.m2/repository/org/springframework/spring-expression/6.2.2/spring-expression-6.2.2.jar:/Users/munikotitanya/.m2/repository/org/springframework/boot/spring-boot-starter-jdbc/3.4.2/spring-boot-starter-jdbc-3.4.2.jar:/Users/munikotitanya/.m2/repository/com/zaxxer/HikariCP/5.1.0/HikariCP-5.1.0.jar:/Users/munikotitanya/.m2/repository/org/springframework/spring-jdbc/6.2.2/spring-jdbc-6.2.2.jar:/Users/munikotitanya/.m2/repository/org/springframework/spring-tx/6.2.2/spring-tx-6.2.2.jar:/Users/munikotitanya/.m2/repository/org/yaml/snakeyaml/2.3/snakeyaml-2.3.jar:/Users/munikotitanya/.m2/repository/org/springframework/boot/spring-boot-devtools/3.4.2/spring-boot-devtools-3.4.2.jar:/Users/munikotitanya/.m2/repository/org/springframework/boot/spring-boot/3.4.2/spring-boot-3.4.2.jar:/Users/munikotitanya/.m2/repository/org/springframework/spring-context/6.2.2/spring-context-6.2.2.jar:/Users/munikotitanya/.m2/repository/org/springframework/boot/spring-boot-autoconfigure/3.4.2/spring-boot-autoconfigure-3.4.2.jar:/Users/munikotitanya/.m2/repository/org/springframework/boot/spring-boot-starter-test/3.4.2/spring-boot-starter-test-3.4.2.jar:/Users/munikotitanya/.m2/repository/org/springframework/boot/spring-boot-starter/3.4.2/spring-boot-starter-3.4.2.jar:/Users/munikotitanya/.m2/repository/org/springframework/boot/spring-boot-starter-logging/3.4.2/spring-boot-starter-logging-3.4.2.jar:/Users/munikotitanya/.m2/repository/ch/qos/logback/logback-classic/1.5.16/logback-classic-1.5.16.jar:/Users/munikotitanya/.m2/repository/ch/qos/logback/logback-core/1.5.16/logback-core-1.5.16.jar:/Users/munikotitanya/.m2/repository/org/apache/logging/log4j/log4j-to-slf4j/2.24.3/log4j-to-slf4j-2.24.3.jar:/Users/munikotitanya/.m2/repository/org/apache/logging/log4j/log4j-api/2.24.3/log4j-api-2.24.3.jar:/Users/munikotitanya/.m2/repository/org/slf4j/jul-to-slf4j/2.0.16/jul-to-slf4j-2.0.16.jar:/Users/munikotitanya/.m2/repository/jakarta/annotation/jakarta.annotation-api/2.1.1/jakarta.annotation-api-2.1.1.jar:/Users/munikotitanya/.m2/repository/org/springframework/boot/spring-boot-test/3.4.2/spring-boot-test-3.4.2.jar:/Users/munikotitanya/.m2/repository/org/springframework/boot/spring-boot-test-autoconfigure/3.4.2/spring-boot-test-autoconfigure-3.4.2.jar:/Users/munikotitanya/.m2/repository/com/jayway/jsonpath/json-path/2.9.0/json-path-2.9.0.jar:/Users/munikotitanya/.m2/repository/jakarta/xml/bind/jakarta.xml.bind-api/4.0.2/jakarta.xml.bind-api-4.0.2.jar:/Users/munikotitanya/.m2/repository/jakarta/activation/jakarta.activation-api/2.1.3/jakarta.activation-api-2.1.3.jar:/Users/munikotitanya/.m2/repository/net/minidev/json-smart/2.5.1/json-smart-2.5.1.jar:/Users/munikotitanya/.m2/repository/net/minidev/accessors-smart/2.5.1/accessors-smart-2.5.1.jar:/Users/munikotitanya/.m2/repository/org/ow2/asm/asm/9.6/asm-9.6.jar:/Users/munikotitanya/.m2/repository/org/assertj/assertj-core/3.26.3/assertj-core-3.26.3.jar:/Users/munikotitanya/.m2/repository/net/bytebuddy/byte-buddy/1.15.11/byte-buddy-1.15.11.jar:/Users/munikotitanya/.m2/repository/org/awaitility/awaitility/4.2.2/awaitility-4.2.2.jar:/Users/munikotitanya/.m2/repository/org/hamcrest/hamcrest/2.2/hamcrest-2.2.jar:/Users/munikotitanya/.m2/repository/org/junit/jupiter/junit-jupiter/5.11.4/junit-jupiter-5.11.4.jar:/Users/munikotitanya/.m2/repository/org/junit/jupiter/junit-jupiter-api/5.11.4/junit-jupiter-api-5.11.4.jar:/Users/munikotitanya/.m2/repository/org/opentest4j/opentest4j/1.3.0/opentest4j-1.3.0.jar:/Users/munikotitanya/.m2/repository/org/junit/platform/junit-platform-commons/1.11.4/junit-platform-commons-1.11.4.jar:/Users/munikotitanya/.m2/repository/org/apiguardian/apiguardian-api/1.1.2/apiguardian-api-1.1.2.jar:/Users/munikotitanya/.m2/repository/org/junit/jupiter/junit-jupiter-params/5.11.4/junit-jupiter-params-5.11.4.jar:/Users/munikotitanya/.m2/repository/org/junit/jupiter/junit-jupiter-engine/5.11.4/junit-jupiter-engine-5.11.4.jar:/Users/munikotitanya/.m2/repository/org/junit/platform/junit-platform-engine/1.11.4/junit-platform-engine-1.11.4.jar:/Users/munikotitanya/.m2/repository/org/mockito/mockito-core/5.14.2/mockito-core-5.14.2.jar:/Users/munikotitanya/.m2/repository/net/bytebuddy/byte-buddy-agent/1.15.11/byte-buddy-agent-1.15.11.jar:/Users/munikotitanya/.m2/repository/org/objenesis/objenesis/3.3/objenesis-3.3.jar:/Users/munikotitanya/.m2/repository/org/mockito/mockito-junit-jupiter/5.14.2/mockito-junit-jupiter-5.14.2.jar:/Users/munikotitanya/.m2/repository/org/skyscreamer/jsonassert/1.5.3/jsonassert-1.5.3.jar:/Users/munikotitanya/.m2/repository/com/vaadin/external/google/android-json/0.0.20131108.vaadin1/android-json-0.0.20131108.vaadin1.jar:/Users/munikotitanya/.m2/repository/org/springframework/spring-core/6.2.2/spring-core-6.2.2.jar:/Users/munikotitanya/.m2/repository/org/springframework/spring-jcl/6.2.2/spring-jcl-6.2.2.jar:/Users/munikotitanya/.m2/repository/org/springframework/spring-test/6.2.2/spring-test-6.2.2.jar:/Users/munikotitanya/.m2/repository/org/xmlunit/xmlunit-core/2.10.0/xmlunit-core-2.10.0.jar:/Users/munikotitanya/.m2/repository/com/sap/cds/cds-adapter-odata-v4/3.7.1/cds-adapter-odata-v4-3.7.1.jar:/Users/munikotitanya/.m2/repository/com/sap/cds/cds-adapter-api/3.7.1/cds-adapter-api-3.7.1.jar:/Users/munikotitanya/.m2/repository/com/sap/cds/cds-services-utils/3.7.1/cds-services-utils-3.7.1.jar:/Users/munikotitanya/.m2/repository/com/sap/cloud/sdk/cloudplatform/connectivity-oauth/5.15.0/connectivity-oauth-5.15.0.jar:/Users/munikotitanya/.m2/repository/com/sap/cloud/sdk/cloudplatform/cloudplatform-core/5.15.0/cloudplatform-core-5.15.0.jar:/Users/munikotitanya/.m2/repository/com/sap/cloud/sdk/cloudplatform/cloudplatform-connectivity/5.15.0/cloudplatform-connectivity-5.15.0.jar:/Users/munikotitanya/.m2/repository/com/sap/cloud/sdk/cloudplatform/resilience-api/5.15.0/resilience-api-5.15.0.jar:/Users/munikotitanya/.m2/repository/com/mikesamuel/json-sanitizer/1.2.3/json-sanitizer-1.2.3.jar:/Users/munikotitanya/.m2/repository/org/bouncycastle/bcprov-jdk18on/1.79/bcprov-jdk18on-1.79.jar:/Users/munikotitanya/.m2/repository/org/bouncycastle/bcpkix-jdk18on/1.79/bcpkix-jdk18on-1.79.jar:/Users/munikotitanya/.m2/repository/org/bouncycastle/bcutil-jdk18on/1.79/bcutil-jdk18on-1.79.jar:/Users/munikotitanya/.m2/repository/com/sap/cloud/sdk/cloudplatform/connectivity-apache-httpclient4/5.15.0/connectivity-apache-httpclient4-5.15.0.jar:/Users/munikotitanya/.m2/repository/com/sap/cloud/sdk/cloudplatform/security/5.15.0/security-5.15.0.jar:/Users/munikotitanya/.m2/repository/com/sap/cloud/sdk/cloudplatform/tenant/5.15.0/tenant-5.15.0.jar:/Users/munikotitanya/.m2/repository/com/sap/cloud/sdk/cloudplatform/caching/5.15.0/caching-5.15.0.jar:/Users/munikotitanya/.m2/repository/com/sap/cloud/environment/servicebinding/api/java-consumption-api/0.20.0/java-consumption-api-0.20.0.jar:/Users/munikotitanya/.m2/repository/com/sap/cloud/sdk/cloudplatform/resilience/5.15.0/resilience-5.15.0.jar:/Users/munikotitanya/.m2/repository/com/sap/cloud/sdk/cloudplatform/resilience4j/5.15.0/resilience4j-5.15.0.jar:/Users/munikotitanya/.m2/repository/io/github/resilience4j/resilience4j-circuitbreaker/2.2.0/resilience4j-circuitbreaker-2.2.0.jar:/Users/munikotitanya/.m2/repository/io/github/resilience4j/resilience4j-core/2.2.0/resilience4j-core-2.2.0.jar:/Users/munikotitanya/.m2/repository/io/github/resilience4j/resilience4j-bulkhead/2.2.0/resilience4j-bulkhead-2.2.0.jar:/Users/munikotitanya/.m2/repository/io/github/resilience4j/resilience4j-timelimiter/2.2.0/resilience4j-timelimiter-2.2.0.jar:/Users/munikotitanya/.m2/repository/io/github/resilience4j/resilience4j-retry/2.2.0/resilience4j-retry-2.2.0.jar:/Users/munikotitanya/.m2/repository/io/github/resilience4j/resilience4j-ratelimiter/2.2.0/resilience4j-ratelimiter-2.2.0.jar:/Users/munikotitanya/.m2/repository/javax/cache/cache-api/1.1.1/cache-api-1.1.1.jar:/Users/munikotitanya/.m2/repository/org/apache/httpcomponents/httpcore/4.4.16/httpcore-4.4.16.jar:/Users/munikotitanya/.m2/repository/org/slf4j/jcl-over-slf4j/2.0.16/jcl-over-slf4j-2.0.16.jar:/Users/munikotitanya/.m2/repository/com/auth0/java-jwt/4.4.0/java-jwt-4.4.0.jar:/Users/munikotitanya/.m2/repository/io/vavr/vavr/0.10.5/vavr-0.10.5.jar:/Users/munikotitanya/.m2/repository/io/vavr/vavr-match/0.10.5/vavr-match-0.10.5.jar:/Users/munikotitanya/.m2/repository/commons-io/commons-io/2.18.0/commons-io-2.18.0.jar:/Users/munikotitanya/.m2/repository/io/opentelemetry/opentelemetry-api/1.43.0/opentelemetry-api-1.43.0.jar:/Users/munikotitanya/.m2/repository/io/opentelemetry/opentelemetry-context/1.43.0/opentelemetry-context-1.43.0.jar:/Users/munikotitanya/.m2/repository/com/fasterxml/jackson/core/jackson-databind/2.18.2/jackson-databind-2.18.2.jar:/Users/munikotitanya/.m2/repository/com/fasterxml/jackson/core/jackson-annotations/2.18.2/jackson-annotations-2.18.2.jar:/Users/munikotitanya/.m2/repository/com/fasterxml/jackson/core/jackson-core/2.18.2/jackson-core-2.18.2.jar:/Users/munikotitanya/.m2/repository/org/apache/commons/commons-lang3/3.17.0/commons-lang3-3.17.0.jar:/Users/munikotitanya/.m2/repository/com/sap/cloud/security/xsuaa/token-client/3.5.7/token-client-3.5.7.jar:/Users/munikotitanya/.m2/repository/org/json/json/20250107/json-20250107.jar:/Users/munikotitanya/.m2/repository/com/sap/cloud/security/env/3.5.7/env-3.5.7.jar:/Users/munikotitanya/.m2/repository/com/sap/cloud/environment/servicebinding/java-sap-service-operator/0.20.0/java-sap-service-operator-0.20.0.jar:/Users/munikotitanya/.m2/repository/com/sap/cds/cds4j-core/3.7.0/cds4j-core-3.7.0.jar:/Users/munikotitanya/.m2/repository/com/github/ben-manes/caffeine/caffeine/3.1.8/caffeine-3.1.8.jar:/Users/munikotitanya/.m2/repository/com/sap/cds/repackaged/odata-v4-lib/3.7.1/odata-v4-lib-3.7.1.jar:/Users/munikotitanya/.m2/repository/commons-codec/commons-codec/1.17.2/commons-codec-1.17.2.jar:/Users/munikotitanya/.m2/repository/org/apache/httpcomponents/httpclient/4.5.14/httpclient-4.5.14.jar:/Users/munikotitanya/.m2/repository/com/fasterxml/jackson/dataformat/jackson-dataformat-xml/2.18.2/jackson-dataformat-xml-2.18.2.jar:/Users/munikotitanya/.m2/repository/org/codehaus/woodstox/stax2-api/4.2.2/stax2-api-4.2.2.jar:/Users/munikotitanya/.m2/repository/com/fasterxml/aalto-xml/1.3.3/aalto-xml-1.3.3.jar:/Users/munikotitanya/.m2/repository/org/slf4j/slf4j-api/2.0.16/slf4j-api-2.0.16.jar:/Users/munikotitanya/.m2/repository/com/google/guava/guava/33.3.1-jre/guava-33.3.1-jre.jar:/Users/munikotitanya/.m2/repository/com/google/guava/failureaccess/1.0.2/failureaccess-1.0.2.jar:/Users/munikotitanya/.m2/repository/com/google/guava/listenablefuture/9999.0-empty-to-avoid-conflict-with-guava/listenablefuture-9999.0-empty-to-avoid-conflict-with-guava.jar:/Users/munikotitanya/.m2/repository/com/google/code/findbugs/jsr305/3.0.2/jsr305-3.0.2.jar:/Users/munikotitanya/.m2/repository/org/checkerframework/checker-qual/3.43.0/checker-qual-3.43.0.jar:/Users/munikotitanya/.m2/repository/com/google/errorprone/error_prone_annotations/2.28.0/error_prone_annotations-2.28.0.jar:/Users/munikotitanya/.m2/repository/com/google/j2objc/j2objc-annotations/3.0.0/j2objc-annotations-3.0.0.jar:/Users/munikotitanya/.m2/repository/com/h2database/h2/2.3.232/h2-2.3.232.jar:/Users/munikotitanya/.m2/repository/com/sap/cds/cds-starter-cloudfoundry/3.7.1/cds-starter-cloudfoundry-3.7.1.jar:/Users/munikotitanya/.m2/repository/com/sap/cds/cds-feature-hana/3.7.1/cds-feature-hana-3.7.1.jar:/Users/munikotitanya/.m2/repository/com/sap/cloud/db/jdbc/ngdbc/2.23.7/ngdbc-2.23.7.jar:/Users/munikotitanya/.m2/repository/com/sap/cds/cds-feature-mt/3.7.1/cds-feature-mt-3.7.1.jar:/Users/munikotitanya/.m2/repository/com/sap/cds/cds-integration-cloud-sdk/3.7.1/cds-integration-cloud-sdk-3.7.1.jar:/Users/munikotitanya/.m2/repository/com/google/code/gson/gson/2.11.0/gson-2.11.0.jar:/Users/munikotitanya/.m2/repository/com/sap/cds/cds-feature-cloudfoundry/3.7.1/cds-feature-cloudfoundry-3.7.1.jar:/Users/munikotitanya/.m2/repository/com/sap/cloud/environment/servicebinding/java-sap-vcap-services/0.20.0/java-sap-vcap-services-0.20.0.jar:/Users/munikotitanya/.m2/repository/com/sap/cds/cds-feature-identity/3.7.1/cds-feature-identity-3.7.1.jar:/Users/munikotitanya/.m2/repository/com/sap/cloud/security/java-api/3.5.7/java-api-3.5.7.jar:/Users/munikotitanya/.m2/repository/com/sap/cloud/security/java-security/3.5.7/java-security-3.5.7.jar:/Users/munikotitanya/.m2/repository/com/sap/cloud/security/resourceserver-security-spring-boot-starter/3.5.7/resourceserver-security-spring-boot-starter-3.5.7.jar:/Users/munikotitanya/.m2/repository/com/sap/cloud/security/spring-security/3.5.7/spring-security-3.5.7.jar:/Users/munikotitanya/.m2/repository/com/nimbusds/nimbus-jose-jwt/10.0.1/nimbus-jose-jwt-10.0.1.jar:/Users/munikotitanya/.m2/repository/io/projectreactor/reactor-core/3.7.2/reactor-core-3.7.2.jar:/Users/munikotitanya/.m2/repository/org/reactivestreams/reactive-streams/1.0.4/reactive-streams-1.0.4.jar:/Users/munikotitanya/.m2/repository/org/springframework/security/spring-security-oauth2-jose/6.4.2/spring-security-oauth2-jose-6.4.2.jar:/Users/munikotitanya/.m2/repository/org/springframework/security/spring-security-core/6.4.2/spring-security-core-6.4.2.jar:/Users/munikotitanya/.m2/repository/org/springframework/security/spring-security-crypto/6.4.2/spring-security-crypto-6.4.2.jar:/Users/munikotitanya/.m2/repository/org/springframework/security/spring-security-oauth2-core/6.4.2/spring-security-oauth2-core-6.4.2.jar:/Users/munikotitanya/.m2/repository/org/springframework/security/spring-security-oauth2-resource-server/6.4.2/spring-security-oauth2-resource-server-6.4.2.jar:/Users/munikotitanya/.m2/repository/org/springframework/boot/spring-boot-starter-security/3.4.2/spring-boot-starter-security-3.4.2.jar:/Users/munikotitanya/.m2/repository/org/springframework/spring-aop/6.2.2/spring-aop-6.2.2.jar:/Users/munikotitanya/.m2/repository/org/springframework/security/spring-security-config/6.4.2/spring-security-config-6.4.2.jar:/Users/munikotitanya/.m2/repository/org/springframework/security/spring-security-web/6.4.2/spring-security-web-6.4.2.jar:/Users/munikotitanya/.m2/repository/org/springframework/boot/spring-boot-starter-actuator/3.4.2/spring-boot-starter-actuator-3.4.2.jar:/Users/munikotitanya/.m2/repository/org/springframework/boot/spring-boot-actuator-autoconfigure/3.4.2/spring-boot-actuator-autoconfigure-3.4.2.jar:/Users/munikotitanya/.m2/repository/org/springframework/boot/spring-boot-actuator/3.4.2/spring-boot-actuator-3.4.2.jar:/Users/munikotitanya/.m2/repository/com/fasterxml/jackson/datatype/jackson-datatype-jsr310/2.18.2/jackson-datatype-jsr310-2.18.2.jar:/Users/munikotitanya/.m2/repository/io/micrometer/micrometer-observation/1.14.3/micrometer-observation-1.14.3.jar:/Users/munikotitanya/.m2/repository/io/micrometer/micrometer-commons/1.14.3/micrometer-commons-1.14.3.jar:/Users/munikotitanya/.m2/repository/io/micrometer/micrometer-jakarta9/1.14.3/micrometer-jakarta9-1.14.3.jar:/Users/munikotitanya/.m2/repository/io/micrometer/micrometer-core/1.14.3/micrometer-core-1.14.3.jar:/Users/munikotitanya/.m2/repository/org/hdrhistogram/HdrHistogram/2.2.2/HdrHistogram-2.2.2.jar:/Users/munikotitanya/.m2/repository/org/latencyutils/LatencyUtils/2.0.3/LatencyUtils-2.0.3.jar:/Users/munikotitanya/.m2/repository/com/github/javaparser/javaparser-core/3.25.4/javaparser-core-3.25.4.jar:"/>
    <property name="java.vm.vendor" value="Homebrew"/>
    <property name="sun.arch.data.model" value="64"/>
    <property name="java.vendor.url" value="https://github.com/Homebrew/homebrew-core/issues"/>
    <property name="os.name" value="Mac OS X"/>
    <property name="java.vm.specification.version" value="23"/>
    <property name="sun.java.launcher" value="SUN_STANDARD"/>
    <property name="user.country" value="US"/>
    <property name="sun.boot.library.path" value="/opt/homebrew/Cellar/openjdk/23/libexec/openjdk.jdk/Contents/Home/lib"/>
    <property name="sun.java.command" value="/Users/munikotitanya/my-cds-app/srv/target/surefire/surefirebooter991213292341391822.jar /Users/munikotitanya/my-cds-app/srv/target/surefire 2025-04-18T12-21-36_704-jvmRun1 surefire7910420848423488018tmp surefire_08833317434421485221tmp"/>
    <property name="jdk.debug" value="release"/>
    <property name="surefire.test.class.path" value="/Users/munikotitanya/my-cds-app/srv/target/test-classes:/Users/munikotitanya/my-cds-app/srv/target/classes:/Users/munikotitanya/.m2/repository/com/sap/cds/cds-starter-spring-boot/3.7.1/cds-starter-spring-boot-3.7.1.jar:/Users/munikotitanya/.m2/repository/com/sap/cds/cds-services-api/3.7.1/cds-services-api-3.7.1.jar:/Users/munikotitanya/.m2/repository/com/sap/cds/cds4j-api/3.7.0/cds4j-api-3.7.0.jar:/Users/munikotitanya/.m2/repository/com/sap/cloud/environment/servicebinding/api/java-core-api/0.20.0/java-core-api-0.20.0.jar:/Users/munikotitanya/.m2/repository/com/sap/cds/cds-services-impl/3.7.1/cds-services-impl-3.7.1.jar:/Users/munikotitanya/.m2/repository/com/sap/cds/cds-services-messaging/3.7.1/cds-services-messaging-3.7.1.jar:/Users/munikotitanya/.m2/repository/jakarta/jms/jakarta.jms-api/3.1.0/jakarta.jms-api-3.1.0.jar:/Users/munikotitanya/.m2/repository/com/sap/cloud/environment/servicebinding/api/java-access-api/0.20.0/java-access-api-0.20.0.jar:/Users/munikotitanya/.m2/repository/org/apache/commons/commons-csv/1.13.0/commons-csv-1.13.0.jar:/Users/munikotitanya/.m2/repository/com/sap/cds/cds-feature-jdbc/3.7.1/cds-feature-jdbc-3.7.1.jar:/Users/munikotitanya/.m2/repository/com/sap/cds/cds4j-runtime/3.7.0/cds4j-runtime-3.7.0.jar:/Users/munikotitanya/.m2/repository/com/sap/cds/cds4j-jdbc-spi/3.7.0/cds4j-jdbc-spi-3.7.0.jar:/Users/munikotitanya/.m2/repository/com/sap/cds/cds4j-tx/3.7.0/cds4j-tx-3.7.0.jar:/Users/munikotitanya/.m2/repository/com/sap/cds/cds-framework-spring-boot/3.7.1/cds-framework-spring-boot-3.7.1.jar:/Users/munikotitanya/.m2/repository/org/springframework/boot/spring-boot-starter-web/3.4.2/spring-boot-starter-web-3.4.2.jar:/Users/munikotitanya/.m2/repository/org/springframework/boot/spring-boot-starter-json/3.4.2/spring-boot-starter-json-3.4.2.jar:/Users/munikotitanya/.m2/repository/com/fasterxml/jackson/datatype/jackson-datatype-jdk8/2.18.2/jackson-datatype-jdk8-2.18.2.jar:/Users/munikotitanya/.m2/repository/com/fasterxml/jackson/module/jackson-module-parameter-names/2.18.2/jackson-module-parameter-names-2.18.2.jar:/Users/munikotitanya/.m2/repository/org/springframework/boot/spring-boot-starter-tomcat/3.4.2/spring-boot-starter-tomcat-3.4.2.jar:/Users/munikotitanya/.m2/repository/org/apache/tomcat/embed/tomcat-embed-core/10.1.34/tomcat-embed-core-10.1.34.jar:/Users/munikotitanya/.m2/repository/org/apache/tomcat/embed/tomcat-embed-el/10.1.34/tomcat-embed-el-10.1.34.jar:/Users/munikotitanya/.m2/repository/org/apache/tomcat/embed/tomcat-embed-websocket/10.1.34/tomcat-embed-websocket-10.1.34.jar:/Users/munikotitanya/.m2/repository/org/springframework/spring-web/6.2.2/spring-web-6.2.2.jar:/Users/munikotitanya/.m2/repository/org/springframework/spring-beans/6.2.2/spring-beans-6.2.2.jar:/Users/munikotitanya/.m2/repository/org/springframework/spring-webmvc/6.2.2/spring-webmvc-6.2.2.jar:/Users/munikotitanya/.m2/repository/org/springframework/spring-expression/6.2.2/spring-expression-6.2.2.jar:/Users/munikotitanya/.m2/repository/org/springframework/boot/spring-boot-starter-jdbc/3.4.2/spring-boot-starter-jdbc-3.4.2.jar:/Users/munikotitanya/.m2/repository/com/zaxxer/HikariCP/5.1.0/HikariCP-5.1.0.jar:/Users/munikotitanya/.m2/repository/org/springframework/spring-jdbc/6.2.2/spring-jdbc-6.2.2.jar:/Users/munikotitanya/.m2/repository/org/springframework/spring-tx/6.2.2/spring-tx-6.2.2.jar:/Users/munikotitanya/.m2/repository/org/yaml/snakeyaml/2.3/snakeyaml-2.3.jar:/Users/munikotitanya/.m2/repository/org/springframework/boot/spring-boot-devtools/3.4.2/spring-boot-devtools-3.4.2.jar:/Users/munikotitanya/.m2/repository/org/springframework/boot/spring-boot/3.4.2/spring-boot-3.4.2.jar:/Users/munikotitanya/.m2/repository/org/springframework/spring-context/6.2.2/spring-context-6.2.2.jar:/Users/munikotitanya/.m2/repository/org/springframework/boot/spring-boot-autoconfigure/3.4.2/spring-boot-autoconfigure-3.4.2.jar:/Users/munikotitanya/.m2/repository/org/springframework/boot/spring-boot-starter-test/3.4.2/spring-boot-starter-test-3.4.2.jar:/Users/munikotitanya/.m2/repository/org/springframework/boot/spring-boot-starter/3.4.2/spring-boot-starter-3.4.2.jar:/Users/munikotitanya/.m2/repository/org/springframework/boot/spring-boot-starter-logging/3.4.2/spring-boot-starter-logging-3.4.2.jar:/Users/munikotitanya/.m2/repository/ch/qos/logback/logback-classic/1.5.16/logback-classic-1.5.16.jar:/Users/munikotitanya/.m2/repository/ch/qos/logback/logback-core/1.5.16/logback-core-1.5.16.jar:/Users/munikotitanya/.m2/repository/org/apache/logging/log4j/log4j-to-slf4j/2.24.3/log4j-to-slf4j-2.24.3.jar:/Users/munikotitanya/.m2/repository/org/apache/logging/log4j/log4j-api/2.24.3/log4j-api-2.24.3.jar:/Users/munikotitanya/.m2/repository/org/slf4j/jul-to-slf4j/2.0.16/jul-to-slf4j-2.0.16.jar:/Users/munikotitanya/.m2/repository/jakarta/annotation/jakarta.annotation-api/2.1.1/jakarta.annotation-api-2.1.1.jar:/Users/munikotitanya/.m2/repository/org/springframework/boot/spring-boot-test/3.4.2/spring-boot-test-3.4.2.jar:/Users/munikotitanya/.m2/repository/org/springframework/boot/spring-boot-test-autoconfigure/3.4.2/spring-boot-test-autoconfigure-3.4.2.jar:/Users/munikotitanya/.m2/repository/com/jayway/jsonpath/json-path/2.9.0/json-path-2.9.0.jar:/Users/munikotitanya/.m2/repository/jakarta/xml/bind/jakarta.xml.bind-api/4.0.2/jakarta.xml.bind-api-4.0.2.jar:/Users/munikotitanya/.m2/repository/jakarta/activation/jakarta.activation-api/2.1.3/jakarta.activation-api-2.1.3.jar:/Users/munikotitanya/.m2/repository/net/minidev/json-smart/2.5.1/json-smart-2.5.1.jar:/Users/munikotitanya/.m2/repository/net/minidev/accessors-smart/2.5.1/accessors-smart-2.5.1.jar:/Users/munikotitanya/.m2/repository/org/ow2/asm/asm/9.6/asm-9.6.jar:/Users/munikotitanya/.m2/repository/org/assertj/assertj-core/3.26.3/assertj-core-3.26.3.jar:/Users/munikotitanya/.m2/repository/net/bytebuddy/byte-buddy/1.15.11/byte-buddy-1.15.11.jar:/Users/munikotitanya/.m2/repository/org/awaitility/awaitility/4.2.2/awaitility-4.2.2.jar:/Users/munikotitanya/.m2/repository/org/hamcrest/hamcrest/2.2/hamcrest-2.2.jar:/Users/munikotitanya/.m2/repository/org/junit/jupiter/junit-jupiter/5.11.4/junit-jupiter-5.11.4.jar:/Users/munikotitanya/.m2/repository/org/junit/jupiter/junit-jupiter-api/5.11.4/junit-jupiter-api-5.11.4.jar:/Users/munikotitanya/.m2/repository/org/opentest4j/opentest4j/1.3.0/opentest4j-1.3.0.jar:/Users/munikotitanya/.m2/repository/org/junit/platform/junit-platform-commons/1.11.4/junit-platform-commons-1.11.4.jar:/Users/munikotitanya/.m2/repository/org/apiguardian/apiguardian-api/1.1.2/apiguardian-api-1.1.2.jar:/Users/munikotitanya/.m2/repository/org/junit/jupiter/junit-jupiter-params/5.11.4/junit-jupiter-params-5.11.4.jar:/Users/munikotitanya/.m2/repository/org/junit/jupiter/junit-jupiter-engine/5.11.4/junit-jupiter-engine-5.11.4.jar:/Users/munikotitanya/.m2/repository/org/junit/platform/junit-platform-engine/1.11.4/junit-platform-engine-1.11.4.jar:/Users/munikotitanya/.m2/repository/org/mockito/mockito-core/5.14.2/mockito-core-5.14.2.jar:/Users/munikotitanya/.m2/repository/net/bytebuddy/byte-buddy-agent/1.15.11/byte-buddy-agent-1.15.11.jar:/Users/munikotitanya/.m2/repository/org/objenesis/objenesis/3.3/objenesis-3.3.jar:/Users/munikotitanya/.m2/repository/org/mockito/mockito-junit-jupiter/5.14.2/mockito-junit-jupiter-5.14.2.jar:/Users/munikotitanya/.m2/repository/org/skyscreamer/jsonassert/1.5.3/jsonassert-1.5.3.jar:/Users/munikotitanya/.m2/repository/com/vaadin/external/google/android-json/0.0.20131108.vaadin1/android-json-0.0.20131108.vaadin1.jar:/Users/munikotitanya/.m2/repository/org/springframework/spring-core/6.2.2/spring-core-6.2.2.jar:/Users/munikotitanya/.m2/repository/org/springframework/spring-jcl/6.2.2/spring-jcl-6.2.2.jar:/Users/munikotitanya/.m2/repository/org/springframework/spring-test/6.2.2/spring-test-6.2.2.jar:/Users/munikotitanya/.m2/repository/org/xmlunit/xmlunit-core/2.10.0/xmlunit-core-2.10.0.jar:/Users/munikotitanya/.m2/repository/com/sap/cds/cds-adapter-odata-v4/3.7.1/cds-adapter-odata-v4-3.7.1.jar:/Users/munikotitanya/.m2/repository/com/sap/cds/cds-adapter-api/3.7.1/cds-adapter-api-3.7.1.jar:/Users/munikotitanya/.m2/repository/com/sap/cds/cds-services-utils/3.7.1/cds-services-utils-3.7.1.jar:/Users/munikotitanya/.m2/repository/com/sap/cloud/sdk/cloudplatform/connectivity-oauth/5.15.0/connectivity-oauth-5.15.0.jar:/Users/munikotitanya/.m2/repository/com/sap/cloud/sdk/cloudplatform/cloudplatform-core/5.15.0/cloudplatform-core-5.15.0.jar:/Users/munikotitanya/.m2/repository/com/sap/cloud/sdk/cloudplatform/cloudplatform-connectivity/5.15.0/cloudplatform-connectivity-5.15.0.jar:/Users/munikotitanya/.m2/repository/com/sap/cloud/sdk/cloudplatform/resilience-api/5.15.0/resilience-api-5.15.0.jar:/Users/munikotitanya/.m2/repository/com/mikesamuel/json-sanitizer/1.2.3/json-sanitizer-1.2.3.jar:/Users/munikotitanya/.m2/repository/org/bouncycastle/bcprov-jdk18on/1.79/bcprov-jdk18on-1.79.jar:/Users/munikotitanya/.m2/repository/org/bouncycastle/bcpkix-jdk18on/1.79/bcpkix-jdk18on-1.79.jar:/Users/munikotitanya/.m2/repository/org/bouncycastle/bcutil-jdk18on/1.79/bcutil-jdk18on-1.79.jar:/Users/munikotitanya/.m2/repository/com/sap/cloud/sdk/cloudplatform/connectivity-apache-httpclient4/5.15.0/connectivity-apache-httpclient4-5.15.0.jar:/Users/munikotitanya/.m2/repository/com/sap/cloud/sdk/cloudplatform/security/5.15.0/security-5.15.0.jar:/Users/munikotitanya/.m2/repository/com/sap/cloud/sdk/cloudplatform/tenant/5.15.0/tenant-5.15.0.jar:/Users/munikotitanya/.m2/repository/com/sap/cloud/sdk/cloudplatform/caching/5.15.0/caching-5.15.0.jar:/Users/munikotitanya/.m2/repository/com/sap/cloud/environment/servicebinding/api/java-consumption-api/0.20.0/java-consumption-api-0.20.0.jar:/Users/munikotitanya/.m2/repository/com/sap/cloud/sdk/cloudplatform/resilience/5.15.0/resilience-5.15.0.jar:/Users/munikotitanya/.m2/repository/com/sap/cloud/sdk/cloudplatform/resilience4j/5.15.0/resilience4j-5.15.0.jar:/Users/munikotitanya/.m2/repository/io/github/resilience4j/resilience4j-circuitbreaker/2.2.0/resilience4j-circuitbreaker-2.2.0.jar:/Users/munikotitanya/.m2/repository/io/github/resilience4j/resilience4j-core/2.2.0/resilience4j-core-2.2.0.jar:/Users/munikotitanya/.m2/repository/io/github/resilience4j/resilience4j-bulkhead/2.2.0/resilience4j-bulkhead-2.2.0.jar:/Users/munikotitanya/.m2/repository/io/github/resilience4j/resilience4j-timelimiter/2.2.0/resilience4j-timelimiter-2.2.0.jar:/Users/munikotitanya/.m2/repository/io/github/resilience4j/resilience4j-retry/2.2.0/resilience4j-retry-2.2.0.jar:/Users/munikotitanya/.m2/repository/io/github/resilience4j/resilience4j-ratelimiter/2.2.0/resilience4j-ratelimiter-2.2.0.jar:/Users/munikotitanya/.m2/repository/javax/cache/cache-api/1.1.1/cache-api-1.1.1.jar:/Users/munikotitanya/.m2/repository/org/apache/httpcomponents/httpcore/4.4.16/httpcore-4.4.16.jar:/Users/munikotitanya/.m2/repository/org/slf4j/jcl-over-slf4j/2.0.16/jcl-over-slf4j-2.0.16.jar:/Users/munikotitanya/.m2/repository/com/auth0/java-jwt/4.4.0/java-jwt-4.4.0.jar:/Users/munikotitanya/.m2/repository/io/vavr/vavr/0.10.5/vavr-0.10.5.jar:/Users/munikotitanya/.m2/repository/io/vavr/vavr-match/0.10.5/vavr-match-0.10.5.jar:/Users/munikotitanya/.m2/repository/commons-io/commons-io/2.18.0/commons-io-2.18.0.jar:/Users/munikotitanya/.m2/repository/io/opentelemetry/opentelemetry-api/1.43.0/opentelemetry-api-1.43.0.jar:/Users/munikotitanya/.m2/repository/io/opentelemetry/opentelemetry-context/1.43.0/opentelemetry-context-1.43.0.jar:/Users/munikotitanya/.m2/repository/com/fasterxml/jackson/core/jackson-databind/2.18.2/jackson-databind-2.18.2.jar:/Users/munikotitanya/.m2/repository/com/fasterxml/jackson/core/jackson-annotations/2.18.2/jackson-annotations-2.18.2.jar:/Users/munikotitanya/.m2/repository/com/fasterxml/jackson/core/jackson-core/2.18.2/jackson-core-2.18.2.jar:/Users/munikotitanya/.m2/repository/org/apache/commons/commons-lang3/3.17.0/commons-lang3-3.17.0.jar:/Users/munikotitanya/.m2/repository/com/sap/cloud/security/xsuaa/token-client/3.5.7/token-client-3.5.7.jar:/Users/munikotitanya/.m2/repository/org/json/json/20250107/json-20250107.jar:/Users/munikotitanya/.m2/repository/com/sap/cloud/security/env/3.5.7/env-3.5.7.jar:/Users/munikotitanya/.m2/repository/com/sap/cloud/environment/servicebinding/java-sap-service-operator/0.20.0/java-sap-service-operator-0.20.0.jar:/Users/munikotitanya/.m2/repository/com/sap/cds/cds4j-core/3.7.0/cds4j-core-3.7.0.jar:/Users/munikotitanya/.m2/repository/com/github/ben-manes/caffeine/caffeine/3.1.8/caffeine-3.1.8.jar:/Users/munikotitanya/.m2/repository/com/sap/cds/repackaged/odata-v4-lib/3.7.1/odata-v4-lib-3.7.1.jar:/Users/munikotitanya/.m2/repository/commons-codec/commons-codec/1.17.2/commons-codec-1.17.2.jar:/Users/munikotitanya/.m2/repository/org/apache/httpcomponents/httpclient/4.5.14/httpclient-4.5.14.jar:/Users/munikotitanya/.m2/repository/com/fasterxml/jackson/dataformat/jackson-dataformat-xml/2.18.2/jackson-dataformat-xml-2.18.2.jar:/Users/munikotitanya/.m2/repository/org/codehaus/woodstox/stax2-api/4.2.2/stax2-api-4.2.2.jar:/Users/munikotitanya/.m2/repository/com/fasterxml/aalto-xml/1.3.3/aalto-xml-1.3.3.jar:/Users/munikotitanya/.m2/repository/org/slf4j/slf4j-api/2.0.16/slf4j-api-2.0.16.jar:/Users/munikotitanya/.m2/repository/com/google/guava/guava/33.3.1-jre/guava-33.3.1-jre.jar:/Users/munikotitanya/.m2/repository/com/google/guava/failureaccess/1.0.2/failureaccess-1.0.2.jar:/Users/munikotitanya/.m2/repository/com/google/guava/listenablefuture/9999.0-empty-to-avoid-conflict-with-guava/listenablefuture-9999.0-empty-to-avoid-conflict-with-guava.jar:/Users/munikotitanya/.m2/repository/com/google/code/findbugs/jsr305/3.0.2/jsr305-3.0.2.jar:/Users/munikotitanya/.m2/repository/org/checkerframework/checker-qual/3.43.0/checker-qual-3.43.0.jar:/Users/munikotitanya/.m2/repository/com/google/errorprone/error_prone_annotations/2.28.0/error_prone_annotations-2.28.0.jar:/Users/munikotitanya/.m2/repository/com/google/j2objc/j2objc-annotations/3.0.0/j2objc-annotations-3.0.0.jar:/Users/munikotitanya/.m2/repository/com/h2database/h2/2.3.232/h2-2.3.232.jar:/Users/munikotitanya/.m2/repository/com/sap/cds/cds-starter-cloudfoundry/3.7.1/cds-starter-cloudfoundry-3.7.1.jar:/Users/munikotitanya/.m2/repository/com/sap/cds/cds-feature-hana/3.7.1/cds-feature-hana-3.7.1.jar:/Users/munikotitanya/.m2/repository/com/sap/cloud/db/jdbc/ngdbc/2.23.7/ngdbc-2.23.7.jar:/Users/munikotitanya/.m2/repository/com/sap/cds/cds-feature-mt/3.7.1/cds-feature-mt-3.7.1.jar:/Users/munikotitanya/.m2/repository/com/sap/cds/cds-integration-cloud-sdk/3.7.1/cds-integration-cloud-sdk-3.7.1.jar:/Users/munikotitanya/.m2/repository/com/google/code/gson/gson/2.11.0/gson-2.11.0.jar:/Users/munikotitanya/.m2/repository/com/sap/cds/cds-feature-cloudfoundry/3.7.1/cds-feature-cloudfoundry-3.7.1.jar:/Users/munikotitanya/.m2/repository/com/sap/cloud/environment/servicebinding/java-sap-vcap-services/0.20.0/java-sap-vcap-services-0.20.0.jar:/Users/munikotitanya/.m2/repository/com/sap/cds/cds-feature-identity/3.7.1/cds-feature-identity-3.7.1.jar:/Users/munikotitanya/.m2/repository/com/sap/cloud/security/java-api/3.5.7/java-api-3.5.7.jar:/Users/munikotitanya/.m2/repository/com/sap/cloud/security/java-security/3.5.7/java-security-3.5.7.jar:/Users/munikotitanya/.m2/repository/com/sap/cloud/security/resourceserver-security-spring-boot-starter/3.5.7/resourceserver-security-spring-boot-starter-3.5.7.jar:/Users/munikotitanya/.m2/repository/com/sap/cloud/security/spring-security/3.5.7/spring-security-3.5.7.jar:/Users/munikotitanya/.m2/repository/com/nimbusds/nimbus-jose-jwt/10.0.1/nimbus-jose-jwt-10.0.1.jar:/Users/munikotitanya/.m2/repository/io/projectreactor/reactor-core/3.7.2/reactor-core-3.7.2.jar:/Users/munikotitanya/.m2/repository/org/reactivestreams/reactive-streams/1.0.4/reactive-streams-1.0.4.jar:/Users/munikotitanya/.m2/repository/org/springframework/security/spring-security-oauth2-jose/6.4.2/spring-security-oauth2-jose-6.4.2.jar:/Users/munikotitanya/.m2/repository/org/springframework/security/spring-security-core/6.4.2/spring-security-core-6.4.2.jar:/Users/munikotitanya/.m2/repository/org/springframework/security/spring-security-crypto/6.4.2/spring-security-crypto-6.4.2.jar:/Users/munikotitanya/.m2/repository/org/springframework/security/spring-security-oauth2-core/6.4.2/spring-security-oauth2-core-6.4.2.jar:/Users/munikotitanya/.m2/repository/org/springframework/security/spring-security-oauth2-resource-server/6.4.2/spring-security-oauth2-resource-server-6.4.2.jar:/Users/munikotitanya/.m2/repository/org/springframework/boot/spring-boot-starter-security/3.4.2/spring-boot-starter-security-3.4.2.jar:/Users/munikotitanya/.m2/repository/org/springframework/spring-aop/6.2.2/spring-aop-6.2.2.jar:/Users/munikotitanya/.m2/repository/org/springframework/security/spring-security-config/6.4.2/spring-security-config-6.4.2.jar:/Users/munikotitanya/.m2/repository/org/springframework/security/spring-security-web/6.4.2/spring-security-web-6.4.2.jar:/Users/munikotitanya/.m2/repository/org/springframework/boot/spring-boot-starter-actuator/3.4.2/spring-boot-starter-actuator-3.4.2.jar:/Users/munikotitanya/.m2/repository/org/springframework/boot/spring-boot-actuator-autoconfigure/3.4.2/spring-boot-actuator-autoconfigure-3.4.2.jar:/Users/munikotitanya/.m2/repository/org/springframework/boot/spring-boot-actuator/3.4.2/spring-boot-actuator-3.4.2.jar:/Users/munikotitanya/.m2/repository/com/fasterxml/jackson/datatype/jackson-datatype-jsr310/2.18.2/jackson-datatype-jsr310-2.18.2.jar:/Users/munikotitanya/.m2/repository/io/micrometer/micrometer-observation/1.14.3/micrometer-observation-1.14.3.jar:/Users/munikotitanya/.m2/repository/io/micrometer/micrometer-commons/1.14.3/micrometer-commons-1.14.3.jar:/Users/munikotitanya/.m2/repository/io/micrometer/micrometer-jakarta9/1.14.3/micrometer-jakarta9-1.14.3.jar:/Users/munikotitanya/.m2/repository/io/micrometer/micrometer-core/1.14.3/micrometer-core-1.14.3.jar:/Users/munikotitanya/.m2/repository/org/hdrhistogram/HdrHistogram/2.2.2/HdrHistogram-2.2.2.jar:/Users/munikotitanya/.m2/repository/org/latencyutils/LatencyUtils/2.0.3/LatencyUtils-2.0.3.jar:/Users/munikotitanya/.m2/repository/com/github/javaparser/javaparser-core/3.25.4/javaparser-core-3.25.4.jar:"/>
    <property name="sun.cpu.endian" value="little"/>
    <property name="user.home" value="/Users/munikotitanya"/>
    <property name="user.language" value="en"/>
    <property name="java.specification.vendor" value="Oracle Corporation"/>
    <property name="java.version.date" value="2024-09-17"/>
    <property name="java.home" value="/opt/homebrew/Cellar/openjdk/23/libexec/openjdk.jdk/Contents/Home"/>
    <property name="file.separator" value="/"/>
    <property name="basedir" value="/Users/munikotitanya/my-cds-app/srv"/>
    <property name="java.vm.compressedOopsMode" value="Zero based"/>
    <property name="line.separator" value="&#10;"/>
    <property name="java.specification.name" value="Java Platform API Specification"/>
    <property name="java.vm.specification.vendor" value="Oracle Corporation"/>
    <property name="apple.awt.application.name" value="ForkedBooter"/>
    <property name="surefire.real.class.path" value="/Users/munikotitanya/my-cds-app/srv/target/surefire/surefirebooter991213292341391822.jar"/>
    <property name="sun.management.compiler" value="HotSpot 64-Bit Tiered Compilers"/>
    <property name="java.runtime.version" value="23"/>
    <property name="user.name" value="munikotitanya"/>
    <property name="stdout.encoding" value="UTF-8"/>
    <property name="path.separator" value=":"/>
    <property name="os.version" value="14.6.1"/>
    <property name="java.runtime.name" value="OpenJDK Runtime Environment"/>
    <property name="file.encoding" value="UTF-8"/>
    <property name="java.vm.name" value="OpenJDK 64-Bit Server VM"/>
    <property name="java.vendor.version" value="Homebrew"/>
    <property name="localRepository" value="/Users/munikotitanya/.m2/repository"/>
    <property name="java.vendor.url.bug" value="https://github.com/Homebrew/homebrew-core/issues"/>
    <property name="java.io.tmpdir" value="/var/folders/8j/gpqly1px60zb0wp2z81802pw0000gn/T/"/>
    <property name="java.version" value="23"/>
    <property name="user.dir" value="/Users/munikotitanya/my-cds-app/srv"/>
    <property name="os.arch" value="aarch64"/>
    <property name="java.vm.specification.name" value="Java Virtual Machine Specification"/>
    <property name="native.encoding" value="UTF-8"/>
    <property name="java.library.path" value="/Users/munikotitanya/Library/Java/Extensions:/Library/Java/Extensions:/Network/Library/Java/Extensions:/System/Library/Java/Extensions:/usr/lib/java:."/>
    <property name="java.vm.info" value="mixed mode, sharing"/>
    <property name="stderr.encoding" value="UTF-8"/>
    <property name="java.vendor" value="Homebrew"/>
    <property name="java.vm.version" value="23"/>
    <property name="sun.io.unicode.encoding" value="UnicodeBig"/>
    <property name="java.class.version" value="67.0"/>
  </properties>
  <testcase name="" classname="com.sap.cds.archetype.handlers.CatalogServiceHandlerTest" time="0.008">
    <error type="java.lang.NoClassDefFoundError"><![CDATA[java.lang.NoClassDefFoundError: com/sap/cds/archetype/handlers/CatalogServiceHandler
Caused by: java.lang.ClassNotFoundException: com.sap.cds.archetype.handlers.CatalogServiceHandler
]]></error>
  </testcase>
</testsuite>